<?xml version="1.0" encoding="UTF-8"?>
<!-- Generated by org.testng.reporters.JUnitXMLReporter -->
<testsuite ignored="0" hostname="LAPTOP-P41E42H4" failures="0" tests="4" name="Add product to cart" time="32.701" errors="0" timestamp="2025-07-20T18:01:29 IST">
  <testcase classname="Prakash.tests.AddProductToCart" name="submitOrderTest" time="5.952"/>
  <testcase classname="Prakash.tests.AddProductToCart" name="submitOrderTest" time="5.378"/>
  <testcase classname="Prakash.tests.AddProductToCart" name="orderHistory" time="1.133"/>
  <testcase classname="Prakash.tests.AddProductToCart" name="orderHistory" time="1.097"/>
</testsuite> <!-- Add product to cart -->
