<?xml version="1.0" encoding="UTF-8"?>
<!-- Generated by org.testng.reporters.JUnitXMLReporter -->
<testsuite ignored="0" hostname="LAPTOP-P41E42H4" failures="1" tests="2" name="Error Validation" time="13.164" errors="0" timestamp="2025-07-20T18:01:11 IST">
  <testcase classname="Prakash.tests.ErrorValidation" name="wrongCredentialsLogin" time="2.771">
    <skipped/>
  </testcase> <!-- wrongCredentialsLogin -->
  <testcase classname="Prakash.tests.ErrorValidation" name="wrongCredentialsLogin" time="0.602">
    <failure type="java.lang.AssertionError" message="expected [Incorrect email or password.] but found [Incorrect emai or password.]">
      <![CDATA[java.lang.AssertionError: expected [Incorrect email or password.] but found [Incorrect emai or password.]
at Prakash.tests.ErrorValidation.wrongCredentialsLogin(ErrorValidation.java:35)
at java.base/java.util.ArrayList.forEach(ArrayList.java:1596)
at java.base/java.util.concurrent.FutureTask.run(FutureTask.java:317)
at java.base/java.util.concurrent.ThreadPoolExecutor.runWorker(ThreadPoolExecutor.java:1144)
at java.base/java.util.concurrent.ThreadPoolExecutor$Worker.run(ThreadPoolExecutor.java:642)
at java.base/java.lang.Thread.run(Thread.java:1583)
... Removed 21 stack frames]]>
    </failure>
  </testcase> <!-- wrongCredentialsLogin -->
</testsuite> <!-- Error Validation -->
